Features/Schedule/build/intermediates/manifest_merge_blame_file/debug/manifest-merger-blame-debug-report.txt
1<?xml version="1.0" encoding="utf-8"?>
2<manifest xmlns:android="http://schemas.android.com/apk/res/android"
3    xmlns:dist="http://schemas.android.com/apk/distribution"
4    featureSplit="Schedule"
5    package="com.example.dayscheduler"
6    android:versionCode="1"
7    android:versionName="1.0" >
8
9    <uses-sdk
10        android:minSdkVersion="23"
10-->src/main/AndroidManifest.xml
11        android:targetSdkVersion="23" />
11-->src/main/AndroidManifest.xml
12
13    <dist:module
13-->src/main/AndroidManifest.xml:5:5-12:19
14        dist:instant="false"
14-->src/main/AndroidManifest.xml:6:9-29
15        dist:title="@string/title_schedule" >
15-->src/main/AndroidManifest.xml:7:9-44
16        <dist:delivery>
16-->src/main/AndroidManifest.xml:8:9-10:25
17            <dist:install-time />
17-->src/main/AndroidManifest.xml:9:13-34
18        </dist:delivery>
19
20        <dist:fusing dist:include="true" />
20-->src/main/AndroidManifest.xml:11:9-44
20-->src/main/AndroidManifest.xml:11:22-41
21    </dist:module>
22
23    <application
23-->src/main/AndroidManifest.xml:14:5-31:19
24        android:debuggable="true"
25        android:extractNativeLibs="false"
26        android:testOnly="true" >
27        <activity
27-->src/main/AndroidManifest.xml:15:9-30:20
28            android:name="com.example.dayscheduler.ScheduleActivity"
28-->src/main/AndroidManifest.xml:16:13-45
29            android:exported="true"
29-->src/main/AndroidManifest.xml:17:13-36
30            android:splitName="Schedule" >
31            <intent-filter>
31-->src/main/AndroidManifest.xml:19:13-28:29
32                <action android:name="android.intent.action.VIEW" />
32-->src/main/AndroidManifest.xml:20:17-69
32-->src/main/AndroidManifest.xml:20:25-66
33
34                <category android:name="android.intent.category.DEFAULT" />
34-->src/main/AndroidManifest.xml:22:17-76
34-->src/main/AndroidManifest.xml:22:27-73
35                <category android:name="android.intent.category.BROWSABLE" />
35-->src/main/AndroidManifest.xml:23:17-78
35-->src/main/AndroidManifest.xml:23:27-75
36
37                <data
37-->src/main/AndroidManifest.xml:25:17-27:44
38                    android:host="com.example.schedule"
38-->src/main/AndroidManifest.xml:26:21-56
39                    android:scheme="app" />
39-->src/main/AndroidManifest.xml:27:21-41
40            </intent-filter>
41        </activity>
42    </application>
43
44</manifest>